                :-) GROMACS - gmx mdrun, 2023.1-conda_forge (-:

Copyright 1991-2023 The GROMACS Authors.
GROMACS is free software; you can redistribute it and/or modify it
under the terms of the GNU Lesser General Public License
as published by the Free Software Foundation; either version 2.1
of the License, or (at your option) any later version.

                         Current GROMACS contributors:
       Mark Abraham           Andrey Alekseenko           Cathrine Bergh      
      Christian Blau            Eliane Briand             Mahesh Doijade      
    Stefan Fleischmann           Vytas Gapsys              Gaurav Garg        
      Sergey Gorelov         Gilles Gouaillardet            Alan Gray         
     M. Eric Irrgang         Farzaneh Jalalypour            Joe Jordan        
    Christoph Junghans        Prashanth Kanduri          Sebastian Keller     
     Carsten Kutzner           Justin A. Lemkul          Magnus Lundborg      
       Pascal Merz              Vedran Miletic            Dmitry Morozov      
       Szilard Pall             Roland Schulz             Michael Shirts      
     Alexey Shvetsov            Balint Soproni         David van der Spoel    
      Philip Turner             Carsten Uphoff           Alessandra Villa     
 Sebastian Wingbermuehle        Artem Zhmurov       

                         Previous GROMACS contributors:
        Emile Apol             Rossen Apostolov           James Barnett       
  Herman J.C. Berendsen          Par Bjelkmar           Viacheslav Bolnykh    
        Kevin Boyd            Aldert van Buuren          Carlo Camilloni      
     Rudi van Drunen            Anton Feenstra           Oliver Fleetwood     
     Gerrit Groenhof            Bert de Groot             Anca Hamuraru       
    Vincent Hindriksen          Victor Holanda           Aleksei Iupinov      
   Dimitrios Karkoulis           Peter Kasson             Sebastian Kehl      
        Jiri Kraus               Per Larsson              Viveca Lindahl      
      Erik Marklund           Pieter Meulenhoff           Teemu Murtola       
       Sander Pronk             Alfons Sijbers            Peter Tieleman      
       Jon Vincent             Teemu Virolainen         Christian Wennberg    
       Maarten Wolf       

                  Coordinated by the GROMACS project leaders:
                    Paul Bauer, Berk Hess, and Erik Lindahl

GROMACS:      gmx mdrun, version 2023.1-conda_forge
Executable:   /home/villa/miniconda3/envs/gromacs-tutorials-2023/bin.AVX2_256/gmx
Data prefix:  /home/villa/miniconda3/envs/gromacs-tutorials-2023
Working dir:  /home/villa/git/tutorials/md-intro-tutorial/data
Process ID:   5565
Command line:
  gmx mdrun -ntmpi 1 -v -deffnm nvt

GROMACS version:    2023.1-conda_forge
Precision:          mixed
Memory model:       64 bit
MPI library:        thread_mpi
OpenMP support:     enabled (GMX_OPENMP_MAX_THREADS = 128)
GPU support:        OpenCL
NB cluster size:    8
SIMD instructions:  AVX2_256
CPU FFT library:    fftw-3.3.10-sse2-avx
GPU FFT library:    clFFT
Multi-GPU FFT:      none
RDTSCP usage:       enabled
TNG support:        enabled
Hwloc support:      disabled
Tracing support:    disabled
C compiler:         /home/conda/feedstock_root/build_artifacts/gromacs_1682343229653/_build_env/bin/x86_64-conda-linux-gnu-cc GNU 12.2.0
C compiler flags:   -fexcess-precision=fast -funroll-all-loops -mavx2 -mfma -Wno-missing-field-initializers -O3 -DNDEBUG
C++ compiler:       /home/conda/feedstock_root/build_artifacts/gromacs_1682343229653/_build_env/bin/x86_64-conda-linux-gnu-c++ GNU 12.2.0
C++ compiler flags: -fexcess-precision=fast -funroll-all-loops -mavx2 -mfma -Wno-missing-field-initializers -Wno-cast-function-type-strict -fopenmp -O3 -DNDEBUG
BLAS library:       
LAPACK library:     
OpenCL include dir: /home/villa/miniconda3/envs/gromacs-tutorials-2023/include
OpenCL library:     /home/villa/miniconda3/envs/gromacs-tutorials-2023/lib/libOpenCL.so
OpenCL version:     3.0


Running on 1 node with total 8 cores, 8 processing units (GPU detection failed)
Hardware detected on host alv.pdc.kth.se:
  CPU info:
    Vendor: Intel
    Brand:  Intel(R) Core(TM) i7-9700 CPU @ 3.00GHz
    Family: 6   Model: 158   Stepping: 13
    Features: aes apic avx avx2 clfsh cmov cx8 cx16 f16c fma htt intel lahf mmx msr nonstop_tsc pcid pclmuldq pdcm pdpe1gb popcnt pse rdrnd rdtscp sse2 sse3 sse4.1 sse4.2 ssse3 tdt x2apic
  Hardware topology: Basic
    Packages, cores, and logical processors:
    [indices refer to OS logical processors]
      Package  0: [   0] [   1] [   2] [   3] [   4] [   5] [   6] [   7]
    CPU limit set by OS: -1   Recommended max number of threads: 8


++++ PLEASE READ AND CITE THE FOLLOWING REFERENCE ++++
M. J. Abraham, T. Murtola, R. Schulz, S. Páll, J. C. Smith, B. Hess, E.
Lindahl
GROMACS: High performance molecular simulations through multi-level
parallelism from laptops to supercomputers
SoftwareX 1 (2015) pp. 19-25
-------- -------- --- Thank You --- -------- --------


++++ PLEASE READ AND CITE THE FOLLOWING REFERENCE ++++
S. Páll, M. J. Abraham, C. Kutzner, B. Hess, E. Lindahl
Tackling Exascale Software Challenges in Molecular Dynamics Simulations with
GROMACS
In S. Markidis & E. Laure (Eds.), Solving Software Challenges for Exascale 8759 (2015) pp. 3-27
-------- -------- --- Thank You --- -------- --------


++++ PLEASE READ AND CITE THE FOLLOWING REFERENCE ++++
S. Pronk, S. Páll, R. Schulz, P. Larsson, P. Bjelkmar, R. Apostolov, M. R.
Shirts, J. C. Smith, P. M. Kasson, D. van der Spoel, B. Hess, and E. Lindahl
GROMACS 4.5: a high-throughput and highly parallel open source molecular
simulation toolkit
Bioinformatics 29 (2013) pp. 845-54
-------- -------- --- Thank You --- -------- --------


++++ PLEASE READ AND CITE THE FOLLOWING REFERENCE ++++
B. Hess and C. Kutzner and D. van der Spoel and E. Lindahl
GROMACS 4: Algorithms for highly efficient, load-balanced, and scalable
molecular simulation
J. Chem. Theory Comput. 4 (2008) pp. 435-447
-------- -------- --- Thank You --- -------- --------


++++ PLEASE READ AND CITE THE FOLLOWING REFERENCE ++++
D. van der Spoel, E. Lindahl, B. Hess, G. Groenhof, A. E. Mark and H. J. C.
Berendsen
GROMACS: Fast, Flexible and Free
J. Comp. Chem. 26 (2005) pp. 1701-1719
-------- -------- --- Thank You --- -------- --------


++++ PLEASE READ AND CITE THE FOLLOWING REFERENCE ++++
E. Lindahl and B. Hess and D. van der Spoel
GROMACS 3.0: A package for molecular simulation and trajectory analysis
J. Mol. Mod. 7 (2001) pp. 306-317
-------- -------- --- Thank You --- -------- --------


++++ PLEASE READ AND CITE THE FOLLOWING REFERENCE ++++
H. J. C. Berendsen, D. van der Spoel and R. van Drunen
GROMACS: A message-passing parallel molecular dynamics implementation
Comp. Phys. Comm. 91 (1995) pp. 43-56
-------- -------- --- Thank You --- -------- --------

Input Parameters:
   integrator                     = md
   tinit                          = 0
   dt                             = 0.002
   nsteps                         = 50000
   init-step                      = 0
   simulation-part                = 1
   mts                            = false
   comm-mode                      = Linear
   nstcomm                        = 100
   bd-fric                        = 0
   ld-seed                        = -142688769
   emtol                          = 10
   emstep                         = 0.01
   niter                          = 20
   fcstep                         = 0
   nstcgsteep                     = 1000
   nbfgscorr                      = 10
   rtpi                           = 0.05
   nstxout                        = 0
   nstvout                        = 0
   nstfout                        = 0
   nstlog                         = 1000
   nstcalcenergy                  = 100
   nstenergy                      = 500
   nstxout-compressed             = 0
   compressed-x-precision         = 1000
   cutoff-scheme                  = Verlet
   nstlist                        = 10
   pbc                            = xyz
   periodic-molecules             = false
   verlet-buffer-tolerance        = 0.005
   rlist                          = 1.2
   coulombtype                    = PME
   coulomb-modifier               = Potential-shift
   rcoulomb-switch                = 0
   rcoulomb                       = 1.2
   epsilon-r                      = 1
   epsilon-rf                     = inf
   vdw-type                       = Cut-off
   vdw-modifier                   = Force-switch
   rvdw-switch                    = 1
   rvdw                           = 1.2
   DispCorr                       = No
   table-extension                = 1
   fourierspacing                 = 0.15
   fourier-nx                     = 56
   fourier-ny                     = 56
   fourier-nz                     = 56
   pme-order                      = 4
   ewald-rtol                     = 1e-05
   ewald-rtol-lj                  = 0.001
   lj-pme-comb-rule               = Geometric
   ewald-geometry                 = 3d
   epsilon-surface                = 0
   ensemble-temperature-setting   = constant
   ensemble-temperature           = 300
   tcoupl                         = V-rescale
   nsttcouple                     = 100
   nh-chain-length                = 0
   print-nose-hoover-chain-variables = false
   pcoupl                         = No
   pcoupltype                     = Isotropic
   nstpcouple                     = -1
   tau-p                          = 1
   compressibility (3x3):
      compressibility[    0]={ 0.00000e+00,  0.00000e+00,  0.00000e+00}
      compressibility[    1]={ 0.00000e+00,  0.00000e+00,  0.00000e+00}
      compressibility[    2]={ 0.00000e+00,  0.00000e+00,  0.00000e+00}
   ref-p (3x3):
      ref-p[    0]={ 0.00000e+00,  0.00000e+00,  0.00000e+00}
      ref-p[    1]={ 0.00000e+00,  0.00000e+00,  0.00000e+00}
      ref-p[    2]={ 0.00000e+00,  0.00000e+00,  0.00000e+00}
   refcoord-scaling               = No
   posres-com (3):
      posres-com[0]= 0.00000e+00
      posres-com[1]= 0.00000e+00
      posres-com[2]= 0.00000e+00
   posres-comB (3):
      posres-comB[0]= 0.00000e+00
      posres-comB[1]= 0.00000e+00
      posres-comB[2]= 0.00000e+00
   QMMM                           = false
qm-opts:
   ngQM                           = 0
   constraint-algorithm           = Lincs
   continuation                   = false
   Shake-SOR                      = false
   shake-tol                      = 0.0001
   lincs-order                    = 4
   lincs-iter                     = 1
   lincs-warnangle                = 30
   nwall                          = 0
   wall-type                      = 9-3
   wall-r-linpot                  = -1
   wall-atomtype[0]               = -1
   wall-atomtype[1]               = -1
   wall-density[0]                = 0
   wall-density[1]                = 0
   wall-ewald-zfac                = 3
   pull                           = false
   awh                            = false
   rotation                       = false
   interactiveMD                  = false
   disre                          = No
   disre-weighting                = Conservative
   disre-mixed                    = false
   dr-fc                          = 1000
   dr-tau                         = 0
   nstdisreout                    = 100
   orire-fc                       = 0
   orire-tau                      = 0
   nstorireout                    = 100
   free-energy                    = no
   cos-acceleration               = 0
   deform (3x3):
      deform[    0]={ 0.00000e+00,  0.00000e+00,  0.00000e+00}
      deform[    1]={ 0.00000e+00,  0.00000e+00,  0.00000e+00}
      deform[    2]={ 0.00000e+00,  0.00000e+00,  0.00000e+00}
   simulated-tempering            = false
   swapcoords                     = no
   userint1                       = 0
   userint2                       = 0
   userint3                       = 0
   userint4                       = 0
   userreal1                      = 0
   userreal2                      = 0
   userreal3                      = 0
   userreal4                      = 0
   applied-forces:
     electric-field:
       x:
         E0                       = 0
         omega                    = 0
         t0                       = 0
         sigma                    = 0
       y:
         E0                       = 0
         omega                    = 0
         t0                       = 0
         sigma                    = 0
       z:
         E0                       = 0
         omega                    = 0
         t0                       = 0
         sigma                    = 0
     density-guided-simulation:
       active                     = false
       group                      = protein
       similarity-measure         = inner-product
       atom-spreading-weight      = unity
       force-constant             = 1e+09
       gaussian-transform-spreading-width = 0.2
       gaussian-transform-spreading-range-in-multiples-of-width = 4
       reference-density-filename = reference.mrc
       nst                        = 1
       normalize-densities        = true
       adaptive-force-scaling     = false
       adaptive-force-scaling-time-constant = 4
       shift-vector               = 
       transformation-matrix      = 
     qmmm-cp2k:
       active                     = false
       qmgroup                    = System
       qmmethod                   = PBE
       qmfilenames                = 
       qmcharge                   = 0
       qmmultiplicity             = 1
grpopts:
   nrdf:       81509
   ref-t:         300
   tau-t:           1
annealing:          No
annealing-npoints:           0
   acc:	           0           0           0
   nfreeze:           N           N           N
   energygrp-flags[  0]: 0

Changing nstlist from 10 to 80, rlist from 1.2 to 1.316

Update task can not run on the GPU, because the following condition(s) were not satisfied:

Either PME or short-ranged non-bonded interaction tasks must run on the GPU.
Compatible GPUs must have been found.
Only CUDA and SYCL builds are supported.
The number of coupled constraints is higher than supported in the GPU LINCS code.
Chosen GPU implementation does not support constraints.

Initializing Domain Decomposition on 1 ranks
Dynamic load balancing: auto
Using update groups, nr 14015, average size 2.8 atoms, max. radius 0.139 nm
Minimum cell size due to atom displacement: 0.557 nm
Initial maximum distances in bonded interactions:
    two-body bonded interactions: 0.423 nm, LJ-14, atoms 2274 2282
  multi-body bonded interactions: 0.487 nm, CMAP Dih., atoms 1576 1602
Minimum cell size due to bonded interactions: 0.536 nm
Using 0 separate PME ranks because: there are too few total ranks for efficient splitting
Optimizing the DD grid for 1 cells with a minimum initial size of 0.557 nm
The maximum allowed number of cells is: X 12 Y 12 Z 10
Domain decomposition grid 1 x 1 x 1, separate PME ranks 0
PME domain decomposition: 1 x 1 x 1

The initial number of communication pulses is:
The initial domain decomposition cell size is:

The maximum allowed distance for atom groups involved in interactions is:
                 non-bonded interactions           1.594 nm
            two-body bonded interactions  (-rdd)   1.594 nm
          multi-body bonded interactions  (-rdd)   1.594 nm

When dynamic load balancing gets turned on, these settings will change to:
The maximum number of communication pulses is:
The minimum size for domain decomposition cells is 1.594 nm
The requested allowed shrink of DD cells (option -dds) is: 0.80
The allowed shrink of domain decomposition cells is:
The maximum allowed distance for atom groups involved in interactions is:
                 non-bonded interactions           1.594 nm
            two-body bonded interactions  (-rdd)   1.594 nm
          multi-body bonded interactions  (-rdd)   1.594 nm

Using 1 MPI thread
Using 8 OpenMP threads 

System total charge: 0.000
Will do PME sum in reciprocal space for electrostatic interactions.

++++ PLEASE READ AND CITE THE FOLLOWING REFERENCE ++++
U. Essmann, L. Perera, M. L. Berkowitz, T. Darden, H. Lee and L. G. Pedersen 
A smooth particle mesh Ewald method
J. Chem. Phys. 103 (1995) pp. 8577-8592
-------- -------- --- Thank You --- -------- --------

Using a Gaussian width (1/beta) of 0.384195 nm for Ewald
Potential shift: LJ r^-12: -2.648e-01 r^-6: -5.349e-01, Ewald -8.333e-06
Initialized non-bonded Coulomb Ewald tables, spacing: 1.02e-03 size: 1176

Generated table with 1158 data points for 1-4 COUL.
Tabscale = 500 points/nm
Generated table with 1158 data points for 1-4 LJ6.
Tabscale = 500 points/nm
Generated table with 1158 data points for 1-4 LJ12.
Tabscale = 500 points/nm


Using SIMD 4x8 nonbonded short-range kernels

Using a dual 4x8 pair-list setup updated with dynamic pruning:
  outer list: updated every 80 steps, buffer 0.116 nm, rlist 1.316 nm
  inner list: updated every 14 steps, buffer 0.003 nm, rlist 1.203 nm
At tolerance 0.005 kJ/mol/ps per atom, equivalent classical 1x1 list would be:
  outer list: updated every 80 steps, buffer 0.261 nm, rlist 1.461 nm
  inner list: updated every 14 steps, buffer 0.056 nm, rlist 1.256 nm
Removing pbc first time

Linking all bonded interactions to atoms


Pinning threads with an auto-selected logical cpu stride of 1

Initializing LINear Constraint Solver

++++ PLEASE READ AND CITE THE FOLLOWING REFERENCE ++++
B. Hess and H. Bekker and H. J. C. Berendsen and J. G. E. M. Fraaije
LINCS: A Linear Constraint Solver for molecular simulations
J. Comp. Chem. 18 (1997) pp. 1463-1472
-------- -------- --- Thank You --- -------- --------

The number of constraints is 2179

++++ PLEASE READ AND CITE THE FOLLOWING REFERENCE ++++
S. Miyamoto and P. A. Kollman
SETTLE: An Analytical Version of the SHAKE and RATTLE Algorithms for Rigid
Water Models
J. Comp. Chem. 13 (1992) pp. 952-962
-------- -------- --- Thank You --- -------- --------


++++ PLEASE READ AND CITE THE FOLLOWING REFERENCE ++++
G. Bussi, D. Donadio and M. Parrinello
Canonical sampling through velocity rescaling
J. Chem. Phys. 126 (2007) pp. 014101
-------- -------- --- Thank You --- -------- --------

There are: 39600 Atoms
Atom distribution over 1 domains: av 39600 stddev 0 min 39600 max 39600

Constraining the starting coordinates (step 0)

Constraining the coordinates at t0-dt (step 0)
Center of mass motion removal mode is Linear
We have the following groups for center of mass motion removal:
  0:  rest
RMS relative constraint deviation after constraining: 2.90e-06
Initial temperature: 298.659 K

Started mdrun on rank 0 Thu May  4 14:22:45 2023

           Step           Time
              0        0.00000

   Energies (kJ/mol)
           Bond            U-B    Proper Dih.  Improper Dih.      CMAP Dih.
    9.17586e+02    3.06364e+03    5.42040e+03    1.50829e+02   -1.61732e+03
          LJ-14     Coulomb-14        LJ (SR)   Coulomb (SR)   Coul. recip.
    2.89987e+03    5.09068e+04    7.16906e+04   -7.51738e+05    3.27325e+03
 Position Rest.      Potential    Kinetic En.   Total Energy  Conserved En.
    1.00963e-03   -6.15033e+05    1.01227e+05   -5.13806e+05   -5.13806e+05
    Temperature Pressure (bar)   Constr. rmsd
    2.98735e+02   -3.69649e+03    2.88098e-06

           Step           Time
           1000        2.00000

   Energies (kJ/mol)
           Bond            U-B    Proper Dih.  Improper Dih.      CMAP Dih.
    2.79163e+03    8.16449e+03    6.38378e+03    5.02771e+02   -1.60884e+03
          LJ-14     Coulomb-14        LJ (SR)   Coulomb (SR)   Coul. recip.
    3.21000e+03    5.09210e+04    7.44376e+04   -7.02434e+05    1.86726e+03
 Position Rest.      Potential    Kinetic En.   Total Energy  Conserved En.
    1.09177e+03   -5.54673e+05    8.51846e+04   -4.69488e+05   -5.12678e+05
    Temperature Pressure (bar)   Constr. rmsd
    2.51392e+02   -3.98840e+01    2.89545e-06

           Step           Time
           2000        4.00000

   Energies (kJ/mol)
           Bond            U-B    Proper Dih.  Improper Dih.      CMAP Dih.
    3.14964e+03    9.02434e+03    6.33919e+03    5.52860e+02   -1.53691e+03
          LJ-14     Coulomb-14        LJ (SR)   Coulomb (SR)   Coul. recip.
    3.24551e+03    5.07161e+04    7.03106e+04   -6.86695e+05    1.98608e+03
 Position Rest.      Potential    Kinetic En.   Total Energy  Conserved En.
    1.07453e+03   -5.41833e+05    9.38846e+04   -4.47948e+05   -5.12693e+05
    Temperature Pressure (bar)   Constr. rmsd
    2.77067e+02    1.14354e+02    2.74544e-06

           Step           Time
           3000        6.00000

   Energies (kJ/mol)
           Bond            U-B    Proper Dih.  Improper Dih.      CMAP Dih.
    3.44598e+03    9.27124e+03    6.49122e+03    6.06190e+02   -1.50122e+03
          LJ-14     Coulomb-14        LJ (SR)   Coulomb (SR)   Coul. recip.
    3.19722e+03    5.08714e+04    6.78952e+04   -6.77635e+05    1.98247e+03
 Position Rest.      Potential    Kinetic En.   Total Energy  Conserved En.
    1.20414e+03   -5.34172e+05    9.68065e+04   -4.37365e+05   -5.12677e+05
    Temperature Pressure (bar)   Constr. rmsd
    2.85690e+02   -1.36939e+02    2.93135e-06

           Step           Time
           4000        8.00000

   Energies (kJ/mol)
           Bond            U-B    Proper Dih.  Improper Dih.      CMAP Dih.
    3.66369e+03    9.66862e+03    6.41617e+03    5.71077e+02   -1.49914e+03
          LJ-14     Coulomb-14        LJ (SR)   Coulomb (SR)   Coul. recip.
    3.22052e+03    5.07568e+04    6.70526e+04   -6.74289e+05    2.04991e+03
 Position Rest.      Potential    Kinetic En.   Total Energy  Conserved En.
    1.15817e+03   -5.31231e+05    9.91815e+04   -4.32049e+05   -5.12682e+05
    Temperature Pressure (bar)   Constr. rmsd
    2.92699e+02    3.37879e+01    2.84068e-06

           Step           Time
           5000       10.00000

   Energies (kJ/mol)
           Bond            U-B    Proper Dih.  Improper Dih.      CMAP Dih.
    3.43968e+03    9.62833e+03    6.49791e+03    5.83627e+02   -1.57076e+03
          LJ-14     Coulomb-14        LJ (SR)   Coulomb (SR)   Coul. recip.
    3.18390e+03    5.10170e+04    6.71825e+04   -6.72105e+05    2.02797e+03
 Position Rest.      Potential    Kinetic En.   Total Energy  Conserved En.
    1.12594e+03   -5.28989e+05    1.00851e+05   -4.28137e+05   -5.12696e+05
    Temperature Pressure (bar)   Constr. rmsd
    2.97627e+02    9.43092e+02    2.91394e-06

           Step           Time
           6000       12.00000

   Energies (kJ/mol)
           Bond            U-B    Proper Dih.  Improper Dih.      CMAP Dih.
    3.42487e+03    9.77711e+03    6.50845e+03    6.17206e+02   -1.55447e+03
          LJ-14     Coulomb-14        LJ (SR)   Coulomb (SR)   Coul. recip.
    3.25983e+03    5.06930e+04    6.53341e+04   -6.68956e+05    2.10768e+03
 Position Rest.      Potential    Kinetic En.   Total Energy  Conserved En.
    1.15450e+03   -5.27633e+05    1.00512e+05   -4.27122e+05   -5.12689e+05
    Temperature Pressure (bar)   Constr. rmsd
    2.96624e+02    1.66618e+02    3.12462e-06

           Step           Time
           7000       14.00000

   Energies (kJ/mol)
           Bond            U-B    Proper Dih.  Improper Dih.      CMAP Dih.
    3.32410e+03    9.71519e+03    6.43102e+03    6.47979e+02   -1.55163e+03
          LJ-14     Coulomb-14        LJ (SR)   Coulomb (SR)   Coul. recip.
    3.27788e+03    5.10463e+04    6.50641e+04   -6.68975e+05    2.10041e+03
 Position Rest.      Potential    Kinetic En.   Total Energy  Conserved En.
    1.23824e+03   -5.27681e+05    1.01346e+05   -4.26335e+05   -5.12700e+05
    Temperature Pressure (bar)   Constr. rmsd
    2.99087e+02   -4.88711e+00    3.26090e-06

           Step           Time
           8000       16.00000

   Energies (kJ/mol)
           Bond            U-B    Proper Dih.  Improper Dih.      CMAP Dih.
    3.57560e+03    9.65796e+03    6.45487e+03    6.16379e+02   -1.53897e+03
          LJ-14     Coulomb-14        LJ (SR)   Coulomb (SR)   Coul. recip.
    3.23245e+03    5.08442e+04    6.54258e+04   -6.69291e+05    2.08939e+03
 Position Rest.      Potential    Kinetic En.   Total Energy  Conserved En.
    1.15084e+03   -5.27783e+05    1.01425e+05   -4.26358e+05   -5.12686e+05
    Temperature Pressure (bar)   Constr. rmsd
    2.99320e+02   -9.88935e+01    2.95088e-06

           Step           Time
           9000       18.00000

   Energies (kJ/mol)
           Bond            U-B    Proper Dih.  Improper Dih.      CMAP Dih.
    3.54149e+03    9.85326e+03    6.45778e+03    6.22576e+02   -1.52049e+03
          LJ-14     Coulomb-14        LJ (SR)   Coulomb (SR)   Coul. recip.
    3.20336e+03    5.06296e+04    6.53588e+04   -6.68118e+05    2.02312e+03
 Position Rest.      Potential    Kinetic En.   Total Energy  Conserved En.
    1.13823e+03   -5.26810e+05    1.02006e+05   -4.24804e+05   -5.12689e+05
    Temperature Pressure (bar)   Constr. rmsd
    3.01035e+02    1.76924e+02    3.35732e-06

           Step           Time
          10000       20.00000

   Energies (kJ/mol)
           Bond            U-B    Proper Dih.  Improper Dih.      CMAP Dih.
    3.54302e+03    9.64925e+03    6.44166e+03    5.85808e+02   -1.52206e+03
          LJ-14     Coulomb-14        LJ (SR)   Coulomb (SR)   Coul. recip.
    3.23395e+03    5.08211e+04    6.64006e+04   -6.69760e+05    2.07808e+03
 Position Rest.      Potential    Kinetic En.   Total Energy  Conserved En.
    1.05777e+03   -5.27471e+05    1.02528e+05   -4.24943e+05   -5.12695e+05
    Temperature Pressure (bar)   Constr. rmsd
    3.02576e+02    1.75971e+01    3.19763e-06

           Step           Time
          11000       22.00000

   Energies (kJ/mol)
           Bond            U-B    Proper Dih.  Improper Dih.      CMAP Dih.
    3.56405e+03    9.64241e+03    6.49108e+03    6.08929e+02   -1.49843e+03
          LJ-14     Coulomb-14        LJ (SR)   Coulomb (SR)   Coul. recip.
    3.21188e+03    5.07331e+04    6.68393e+04   -6.69750e+05    2.07305e+03
 Position Rest.      Potential    Kinetic En.   Total Energy  Conserved En.
    1.09492e+03   -5.26990e+05    1.01290e+05   -4.25700e+05   -5.12662e+05
    Temperature Pressure (bar)   Constr. rmsd
    2.98920e+02    3.97870e+02    3.02331e-06

           Step           Time
          12000       24.00000

   Energies (kJ/mol)
           Bond            U-B    Proper Dih.  Improper Dih.      CMAP Dih.
    3.41006e+03    1.00172e+04    6.49735e+03    6.83910e+02   -1.54997e+03
          LJ-14     Coulomb-14        LJ (SR)   Coulomb (SR)   Coul. recip.
    3.17268e+03    5.06181e+04    6.40259e+04   -6.67378e+05    2.09240e+03
 Position Rest.      Potential    Kinetic En.   Total Energy  Conserved En.
    1.11081e+03   -5.27299e+05    1.00929e+05   -4.26370e+05   -5.12649e+05
    Temperature Pressure (bar)   Constr. rmsd
    2.97856e+02    1.05971e+02    3.19385e-06

           Step           Time
          13000       26.00000

   Energies (kJ/mol)
           Bond            U-B    Proper Dih.  Improper Dih.      CMAP Dih.
    3.60475e+03    9.61790e+03    6.44605e+03    6.28187e+02   -1.55159e+03
          LJ-14     Coulomb-14        LJ (SR)   Coulomb (SR)   Coul. recip.
    3.14762e+03    5.08045e+04    6.58245e+04   -6.69036e+05    2.04247e+03
 Position Rest.      Potential    Kinetic En.   Total Energy  Conserved En.
    1.13320e+03   -5.27338e+05    1.01384e+05   -4.25954e+05   -5.12644e+05
    Temperature Pressure (bar)   Constr. rmsd
    2.99199e+02    1.43433e+00    3.14322e-06

           Step           Time
          14000       28.00000

   Energies (kJ/mol)
           Bond            U-B    Proper Dih.  Improper Dih.      CMAP Dih.
    3.51189e+03    9.80944e+03    6.45982e+03    6.50719e+02   -1.47881e+03
          LJ-14     Coulomb-14        LJ (SR)   Coulomb (SR)   Coul. recip.
    3.30476e+03    5.08318e+04    6.57276e+04   -6.69701e+05    1.98367e+03
 Position Rest.      Potential    Kinetic En.   Total Energy  Conserved En.
    1.18510e+03   -5.27715e+05    1.02114e+05   -4.25601e+05   -5.12633e+05
    Temperature Pressure (bar)   Constr. rmsd
    3.01352e+02    3.93064e+02    3.03827e-06

           Step           Time
          15000       30.00000

   Energies (kJ/mol)
           Bond            U-B    Proper Dih.  Improper Dih.      CMAP Dih.
    3.40780e+03    9.75987e+03    6.43969e+03    6.46736e+02   -1.50612e+03
          LJ-14     Coulomb-14        LJ (SR)   Coulomb (SR)   Coul. recip.
    3.23607e+03    5.07560e+04    6.50899e+04   -6.68628e+05    2.02425e+03
 Position Rest.      Potential    Kinetic En.   Total Energy  Conserved En.
    1.10933e+03   -5.27664e+05    1.01926e+05   -4.25738e+05   -5.12676e+05
    Temperature Pressure (bar)   Constr. rmsd
    3.00799e+02    1.20091e+01    3.26709e-06

           Step           Time
          16000       32.00000

   Energies (kJ/mol)
           Bond            U-B    Proper Dih.  Improper Dih.      CMAP Dih.
    3.48691e+03    9.96572e+03    6.35634e+03    6.05042e+02   -1.53067e+03
          LJ-14     Coulomb-14        LJ (SR)   Coulomb (SR)   Coul. recip.
    3.26518e+03    5.05484e+04    6.60160e+04   -6.69874e+05    2.04552e+03
 Position Rest.      Potential    Kinetic En.   Total Energy  Conserved En.
    1.11532e+03   -5.28001e+05    1.01762e+05   -4.26238e+05   -5.12626e+05
    Temperature Pressure (bar)   Constr. rmsd
    3.00315e+02    3.93985e+01    3.05375e-06

           Step           Time
          17000       34.00000

   Energies (kJ/mol)
           Bond            U-B    Proper Dih.  Improper Dih.      CMAP Dih.
    3.58925e+03    9.92842e+03    6.37517e+03    6.34513e+02   -1.53157e+03
          LJ-14     Coulomb-14        LJ (SR)   Coulomb (SR)   Coul. recip.
    3.17474e+03    5.10042e+04    6.49557e+04   -6.67284e+05    2.05381e+03
 Position Rest.      Potential    Kinetic En.   Total Energy  Conserved En.
    1.09481e+03   -5.26005e+05    1.01982e+05   -4.24023e+05   -5.12618e+05
    Temperature Pressure (bar)   Constr. rmsd
    3.00963e+02    4.16022e+02    3.06793e-06

           Step           Time
          18000       36.00000

   Energies (kJ/mol)
           Bond            U-B    Proper Dih.  Improper Dih.      CMAP Dih.
    3.55688e+03    9.66850e+03    6.61259e+03    5.73956e+02   -1.53955e+03
          LJ-14     Coulomb-14        LJ (SR)   Coulomb (SR)   Coul. recip.
    3.18805e+03    5.08635e+04    6.46833e+04   -6.67244e+05    2.12225e+03
 Position Rest.      Potential    Kinetic En.   Total Energy  Conserved En.
    1.09813e+03   -5.26416e+05    1.01243e+05   -4.25173e+05   -5.12619e+05
    Temperature Pressure (bar)   Constr. rmsd
    2.98784e+02   -2.87708e+02    3.19377e-06

           Step           Time
          19000       38.00000

   Energies (kJ/mol)
           Bond            U-B    Proper Dih.  Improper Dih.      CMAP Dih.
    3.43711e+03    9.77576e+03    6.39067e+03    6.25844e+02   -1.54369e+03
          LJ-14     Coulomb-14        LJ (SR)   Coulomb (SR)   Coul. recip.
    3.21565e+03    5.08412e+04    6.57732e+04   -6.69594e+05    2.04153e+03
 Position Rest.      Potential    Kinetic En.   Total Energy  Conserved En.
    1.19465e+03   -5.27842e+05    1.01498e+05   -4.26343e+05   -5.12640e+05
    Temperature Pressure (bar)   Constr. rmsd
    2.99535e+02    4.79257e+02    3.02526e-06

           Step           Time
          20000       40.00000

   Energies (kJ/mol)
           Bond            U-B    Proper Dih.  Improper Dih.      CMAP Dih.
    3.37226e+03    9.70528e+03    6.35369e+03    6.44524e+02   -1.52374e+03
          LJ-14     Coulomb-14        LJ (SR)   Coulomb (SR)   Coul. recip.
    3.25876e+03    5.07672e+04    6.55154e+04   -6.68510e+05    2.11437e+03
 Position Rest.      Potential    Kinetic En.   Total Energy  Conserved En.
    1.12489e+03   -5.27178e+05    1.00903e+05   -4.26275e+05   -5.12624e+05
    Temperature Pressure (bar)   Constr. rmsd
    2.97780e+02    2.45228e+02    2.87107e-06

           Step           Time
          21000       42.00000

   Energies (kJ/mol)
           Bond            U-B    Proper Dih.  Improper Dih.      CMAP Dih.
    3.41132e+03    9.86555e+03    6.39481e+03    6.31855e+02   -1.58056e+03
          LJ-14     Coulomb-14        LJ (SR)   Coulomb (SR)   Coul. recip.
    3.24323e+03    5.08919e+04    6.57802e+04   -6.68983e+05    2.07820e+03
 Position Rest.      Potential    Kinetic En.   Total Energy  Conserved En.
    1.04991e+03   -5.27216e+05    1.01349e+05   -4.25867e+05   -5.12622e+05
    Temperature Pressure (bar)   Constr. rmsd
    2.99096e+02    2.52589e+02    3.14262e-06

           Step           Time
          22000       44.00000

   Energies (kJ/mol)
           Bond            U-B    Proper Dih.  Improper Dih.      CMAP Dih.
    3.36427e+03    9.82881e+03    6.51891e+03    6.19144e+02   -1.55185e+03
          LJ-14     Coulomb-14        LJ (SR)   Coulomb (SR)   Coul. recip.
    3.26349e+03    5.08614e+04    6.59542e+04   -6.69778e+05    2.06902e+03
 Position Rest.      Potential    Kinetic En.   Total Energy  Conserved En.
    1.12114e+03   -5.27730e+05    1.01817e+05   -4.25912e+05   -5.12601e+05
    Temperature Pressure (bar)   Constr. rmsd
    3.00478e+02    5.32358e+02    3.00303e-06

           Step           Time
          23000       46.00000

   Energies (kJ/mol)
           Bond            U-B    Proper Dih.  Improper Dih.      CMAP Dih.
    3.57730e+03    9.77800e+03    6.33337e+03    6.74610e+02   -1.61218e+03
          LJ-14     Coulomb-14        LJ (SR)   Coulomb (SR)   Coul. recip.
    3.26234e+03    5.06439e+04    6.50158e+04   -6.68196e+05    2.05982e+03
 Position Rest.      Potential    Kinetic En.   Total Energy  Conserved En.
    1.14044e+03   -5.27323e+05    1.01410e+05   -4.25913e+05   -5.12602e+05
    Temperature Pressure (bar)   Constr. rmsd
    2.99276e+02    3.65713e+02    2.90657e-06

           Step           Time
          24000       48.00000

   Energies (kJ/mol)
           Bond            U-B    Proper Dih.  Improper Dih.      CMAP Dih.
    3.50013e+03    9.75398e+03    6.49945e+03    6.54839e+02   -1.59911e+03
          LJ-14     Coulomb-14        LJ (SR)   Coulomb (SR)   Coul. recip.
    3.20579e+03    5.06369e+04    6.52004e+04   -6.67896e+05    1.96343e+03
 Position Rest.      Potential    Kinetic En.   Total Energy  Conserved En.
    1.28182e+03   -5.26798e+05    1.02486e+05   -4.24313e+05   -5.12619e+05
    Temperature Pressure (bar)   Constr. rmsd
    3.02450e+02   -2.14818e+02    3.06184e-06

           Step           Time
          25000       50.00000

   Energies (kJ/mol)
           Bond            U-B    Proper Dih.  Improper Dih.      CMAP Dih.
    3.56185e+03    9.99043e+03    6.52558e+03    5.79603e+02   -1.59081e+03
          LJ-14     Coulomb-14        LJ (SR)   Coulomb (SR)   Coul. recip.
    3.22263e+03    5.07595e+04    6.61230e+04   -6.69473e+05    2.09007e+03
 Position Rest.      Potential    Kinetic En.   Total Energy  Conserved En.
    1.15097e+03   -5.27060e+05    1.02835e+05   -4.24225e+05   -5.12594e+05
    Temperature Pressure (bar)   Constr. rmsd
    3.03481e+02    7.22367e+02    3.08267e-06

           Step           Time
          26000       52.00000

   Energies (kJ/mol)
           Bond            U-B    Proper Dih.  Improper Dih.      CMAP Dih.
    3.60116e+03    9.88187e+03    6.39215e+03    5.82834e+02   -1.54157e+03
          LJ-14     Coulomb-14        LJ (SR)   Coulomb (SR)   Coul. recip.
    3.28248e+03    5.05509e+04    6.55470e+04   -6.68859e+05    2.03047e+03
 Position Rest.      Potential    Kinetic En.   Total Energy  Conserved En.
    1.17381e+03   -5.27358e+05    1.00813e+05   -4.26544e+05   -5.12594e+05
    Temperature Pressure (bar)   Constr. rmsd
    2.97515e+02   -1.42108e+02    3.04005e-06

           Step           Time
          27000       54.00000

   Energies (kJ/mol)
           Bond            U-B    Proper Dih.  Improper Dih.      CMAP Dih.
    3.69331e+03    9.90171e+03    6.39446e+03    6.43555e+02   -1.43831e+03
          LJ-14     Coulomb-14        LJ (SR)   Coulomb (SR)   Coul. recip.
    3.17131e+03    5.05819e+04    6.46368e+04   -6.67366e+05    1.99566e+03
 Position Rest.      Potential    Kinetic En.   Total Energy  Conserved En.
    1.27479e+03   -5.26511e+05    1.01472e+05   -4.25039e+05   -5.12577e+05
    Temperature Pressure (bar)   Constr. rmsd
    2.99457e+02    2.12398e+01    3.03082e-06

           Step           Time
          28000       56.00000

   Energies (kJ/mol)
           Bond            U-B    Proper Dih.  Improper Dih.      CMAP Dih.
    3.43536e+03    9.75653e+03    6.65662e+03    6.15860e+02   -1.54215e+03
          LJ-14     Coulomb-14        LJ (SR)   Coulomb (SR)   Coul. recip.
    3.15494e+03    5.04611e+04    6.45453e+04   -6.68308e+05    2.02903e+03
 Position Rest.      Potential    Kinetic En.   Total Energy  Conserved En.
    1.19359e+03   -5.28002e+05    1.02146e+05   -4.25856e+05   -5.12602e+05
    Temperature Pressure (bar)   Constr. rmsd
    3.01448e+02   -5.39674e+02    3.14257e-06

           Step           Time
          29000       58.00000

   Energies (kJ/mol)
           Bond            U-B    Proper Dih.  Improper Dih.      CMAP Dih.
    3.58828e+03    9.83440e+03    6.43047e+03    6.33226e+02   -1.57972e+03
          LJ-14     Coulomb-14        LJ (SR)   Coulomb (SR)   Coul. recip.
    3.32502e+03    5.07989e+04    6.42840e+04   -6.67737e+05    2.08018e+03
 Position Rest.      Potential    Kinetic En.   Total Energy  Conserved En.
    1.08238e+03   -5.27260e+05    1.00583e+05   -4.26677e+05   -5.12571e+05
    Temperature Pressure (bar)   Constr. rmsd
    2.96834e+02   -9.57314e+01    3.00950e-06

           Step           Time
          30000       60.00000

   Energies (kJ/mol)
           Bond            U-B    Proper Dih.  Improper Dih.      CMAP Dih.
    3.66569e+03    9.94123e+03    6.55713e+03    6.04034e+02   -1.54156e+03
          LJ-14     Coulomb-14        LJ (SR)   Coulomb (SR)   Coul. recip.
    3.18695e+03    5.05617e+04    6.50109e+04   -6.67612e+05    2.04753e+03
 Position Rest.      Potential    Kinetic En.   Total Energy  Conserved En.
    1.13370e+03   -5.26445e+05    1.01566e+05   -4.24880e+05   -5.12586e+05
    Temperature Pressure (bar)   Constr. rmsd
    2.99735e+02   -2.45718e+02    3.08903e-06

           Step           Time
          31000       62.00000

   Energies (kJ/mol)
           Bond            U-B    Proper Dih.  Improper Dih.      CMAP Dih.
    3.54048e+03    9.98108e+03    6.51203e+03    6.55924e+02   -1.55600e+03
          LJ-14     Coulomb-14        LJ (SR)   Coulomb (SR)   Coul. recip.
    3.33891e+03    5.06519e+04    6.48661e+04   -6.67384e+05    2.03163e+03
 Position Rest.      Potential    Kinetic En.   Total Energy  Conserved En.
    1.15181e+03   -5.26210e+05    1.02545e+05   -4.23665e+05   -5.12570e+05
    Temperature Pressure (bar)   Constr. rmsd
    3.02626e+02    9.52387e+01    3.15389e-06

           Step           Time
          32000       64.00000

   Energies (kJ/mol)
           Bond            U-B    Proper Dih.  Improper Dih.      CMAP Dih.
    3.54603e+03    9.54617e+03    6.49890e+03    6.23851e+02   -1.54151e+03
          LJ-14     Coulomb-14        LJ (SR)   Coulomb (SR)   Coul. recip.
    3.21436e+03    5.06807e+04    6.43691e+04   -6.67124e+05    2.13044e+03
 Position Rest.      Potential    Kinetic En.   Total Energy  Conserved En.
    1.18179e+03   -5.26874e+05    1.01868e+05   -4.25007e+05   -5.12579e+05
    Temperature Pressure (bar)   Constr. rmsd
    3.00626e+02   -6.84822e+01    3.20376e-06

           Step           Time
          33000       66.00000

   Energies (kJ/mol)
           Bond            U-B    Proper Dih.  Improper Dih.      CMAP Dih.
    3.52071e+03    1.00174e+04    6.47681e+03    5.77810e+02   -1.50442e+03
          LJ-14     Coulomb-14        LJ (SR)   Coulomb (SR)   Coul. recip.
    3.29083e+03    5.07423e+04    6.51344e+04   -6.68569e+05    1.99488e+03
 Position Rest.      Potential    Kinetic En.   Total Energy  Conserved En.
    1.22008e+03   -5.27098e+05    1.02159e+05   -4.24939e+05   -5.12541e+05
    Temperature Pressure (bar)   Constr. rmsd
    3.01485e+02    1.92837e+02    3.03197e-06

           Step           Time
          34000       68.00000

   Energies (kJ/mol)
           Bond            U-B    Proper Dih.  Improper Dih.      CMAP Dih.
    3.67132e+03    9.70339e+03    6.37724e+03    5.94927e+02   -1.53858e+03
          LJ-14     Coulomb-14        LJ (SR)   Coulomb (SR)   Coul. recip.
    3.25684e+03    5.10115e+04    6.45724e+04   -6.66667e+05    2.13607e+03
 Position Rest.      Potential    Kinetic En.   Total Energy  Conserved En.
    1.08996e+03   -5.25792e+05    1.01948e+05   -4.23844e+05   -5.12576e+05
    Temperature Pressure (bar)   Constr. rmsd
    3.00864e+02   -1.37315e+02    3.13573e-06

           Step           Time
          35000       70.00000

   Energies (kJ/mol)
           Bond            U-B    Proper Dih.  Improper Dih.      CMAP Dih.
    3.62472e+03    9.89212e+03    6.44283e+03    5.88174e+02   -1.57176e+03
          LJ-14     Coulomb-14        LJ (SR)   Coulomb (SR)   Coul. recip.
    3.22549e+03    5.04935e+04    6.54034e+04   -6.67875e+05    2.10267e+03
 Position Rest.      Potential    Kinetic En.   Total Energy  Conserved En.
    1.07692e+03   -5.26597e+05    1.02306e+05   -4.24291e+05   -5.12571e+05
    Temperature Pressure (bar)   Constr. rmsd
    3.01920e+02    7.26038e+01    2.96996e-06

           Step           Time
          36000       72.00000

   Energies (kJ/mol)
           Bond            U-B    Proper Dih.  Improper Dih.      CMAP Dih.
    3.51901e+03    9.82240e+03    6.38835e+03    5.61439e+02   -1.54033e+03
          LJ-14     Coulomb-14        LJ (SR)   Coulomb (SR)   Coul. recip.
    3.20858e+03    5.07475e+04    6.56215e+04   -6.68518e+05    2.08847e+03
 Position Rest.      Potential    Kinetic En.   Total Energy  Conserved En.
    1.12247e+03   -5.26978e+05    1.02221e+05   -4.24758e+05   -5.12564e+05
    Temperature Pressure (bar)   Constr. rmsd
    3.01668e+02   -3.40313e+02    3.12782e-06

           Step           Time
          37000       74.00000

   Energies (kJ/mol)
           Bond            U-B    Proper Dih.  Improper Dih.      CMAP Dih.
    3.46717e+03    9.64164e+03    6.46202e+03    6.19510e+02   -1.52959e+03
          LJ-14     Coulomb-14        LJ (SR)   Coulomb (SR)   Coul. recip.
    3.27559e+03    5.06252e+04    6.48953e+04   -6.68091e+05    1.97599e+03
 Position Rest.      Potential    Kinetic En.   Total Energy  Conserved En.
    1.13109e+03   -5.27527e+05    1.02145e+05   -4.25382e+05   -5.12571e+05
    Temperature Pressure (bar)   Constr. rmsd
    3.01444e+02    2.03312e+02    2.93899e-06

           Step           Time
          38000       76.00000

   Energies (kJ/mol)
           Bond            U-B    Proper Dih.  Improper Dih.      CMAP Dih.
    3.56968e+03    9.78672e+03    6.50209e+03    6.05588e+02   -1.54478e+03
          LJ-14     Coulomb-14        LJ (SR)   Coulomb (SR)   Coul. recip.
    3.17314e+03    5.06930e+04    6.55723e+04   -6.68095e+05    2.18450e+03
 Position Rest.      Potential    Kinetic En.   Total Energy  Conserved En.
    1.13423e+03   -5.26418e+05    1.01457e+05   -4.24961e+05   -5.12533e+05
    Temperature Pressure (bar)   Constr. rmsd
    2.99413e+02   -2.06215e+02    3.10535e-06

           Step           Time
          39000       78.00000

   Energies (kJ/mol)
           Bond            U-B    Proper Dih.  Improper Dih.      CMAP Dih.
    3.45566e+03    9.80379e+03    6.40133e+03    6.86450e+02   -1.59230e+03
          LJ-14     Coulomb-14        LJ (SR)   Coulomb (SR)   Coul. recip.
    3.18821e+03    5.06999e+04    6.64241e+04   -6.69966e+05    2.03835e+03
 Position Rest.      Potential    Kinetic En.   Total Energy  Conserved En.
    1.11532e+03   -5.27745e+05    1.02218e+05   -4.25527e+05   -5.12564e+05
    Temperature Pressure (bar)   Constr. rmsd
    3.01659e+02   -6.92430e+00    3.01724e-06

           Step           Time
          40000       80.00000

   Energies (kJ/mol)
           Bond            U-B    Proper Dih.  Improper Dih.      CMAP Dih.
    3.37072e+03    9.63442e+03    6.34383e+03    6.29767e+02   -1.52971e+03
          LJ-14     Coulomb-14        LJ (SR)   Coulomb (SR)   Coul. recip.
    3.29020e+03    5.08124e+04    6.41539e+04   -6.66735e+05    1.99128e+03
 Position Rest.      Potential    Kinetic En.   Total Energy  Conserved En.
    1.22288e+03   -5.26815e+05    1.01378e+05   -4.25437e+05   -5.12568e+05
    Temperature Pressure (bar)   Constr. rmsd
    2.99181e+02    3.91927e+02    2.76130e-06

           Step           Time
          41000       82.00000

   Energies (kJ/mol)
           Bond            U-B    Proper Dih.  Improper Dih.      CMAP Dih.
    3.59664e+03    9.83744e+03    6.41295e+03    5.39784e+02   -1.50872e+03
          LJ-14     Coulomb-14        LJ (SR)   Coulomb (SR)   Coul. recip.
    3.26391e+03    5.07154e+04    6.37298e+04   -6.65738e+05    2.02119e+03
 Position Rest.      Potential    Kinetic En.   Total Energy  Conserved En.
    1.23060e+03   -5.25899e+05    1.01897e+05   -4.24002e+05   -5.12540e+05
    Temperature Pressure (bar)   Constr. rmsd
    3.00714e+02   -7.70192e+01    3.17786e-06

           Step           Time
          42000       84.00000

   Energies (kJ/mol)
           Bond            U-B    Proper Dih.  Improper Dih.      CMAP Dih.
    3.58125e+03    9.74291e+03    6.47203e+03    6.11792e+02   -1.54811e+03
          LJ-14     Coulomb-14        LJ (SR)   Coulomb (SR)   Coul. recip.
    3.21226e+03    5.06017e+04    6.66290e+04   -6.69249e+05    2.07186e+03
 Position Rest.      Potential    Kinetic En.   Total Energy  Conserved En.
    1.15565e+03   -5.26719e+05    1.01915e+05   -4.24804e+05   -5.12551e+05
    Temperature Pressure (bar)   Constr. rmsd
    3.00767e+02    4.08092e+02    2.98835e-06

           Step           Time
          43000       86.00000

   Energies (kJ/mol)
           Bond            U-B    Proper Dih.  Improper Dih.      CMAP Dih.
    3.47903e+03    9.56739e+03    6.49908e+03    5.38348e+02   -1.49347e+03
          LJ-14     Coulomb-14        LJ (SR)   Coulomb (SR)   Coul. recip.
    3.20718e+03    5.10254e+04    6.49911e+04   -6.67935e+05    2.05290e+03
 Position Rest.      Potential    Kinetic En.   Total Energy  Conserved En.
    1.15601e+03   -5.26913e+05    1.01544e+05   -4.25369e+05   -5.12536e+05
    Temperature Pressure (bar)   Constr. rmsd
    2.99670e+02    1.07824e+02    3.12771e-06

           Step           Time
          44000       88.00000

   Energies (kJ/mol)
           Bond            U-B    Proper Dih.  Improper Dih.      CMAP Dih.
    3.66269e+03    9.62668e+03    6.38993e+03    6.57646e+02   -1.49043e+03
          LJ-14     Coulomb-14        LJ (SR)   Coulomb (SR)   Coul. recip.
    3.12578e+03    5.06893e+04    6.51957e+04   -6.68202e+05    2.06734e+03
 Position Rest.      Potential    Kinetic En.   Total Energy  Conserved En.
    1.15935e+03   -5.27119e+05    1.01672e+05   -4.25447e+05   -5.12523e+05
    Temperature Pressure (bar)   Constr. rmsd
    3.00048e+02    4.16132e+01    3.08593e-06

           Step           Time
          45000       90.00000

   Energies (kJ/mol)
           Bond            U-B    Proper Dih.  Improper Dih.      CMAP Dih.
    3.57456e+03    9.56578e+03    6.59841e+03    5.70196e+02   -1.59187e+03
          LJ-14     Coulomb-14        LJ (SR)   Coulomb (SR)   Coul. recip.
    3.17616e+03    5.09542e+04    6.53292e+04   -6.68669e+05    2.06977e+03
 Position Rest.      Potential    Kinetic En.   Total Energy  Conserved En.
    1.09537e+03   -5.27327e+05    1.01810e+05   -4.25517e+05   -5.12520e+05
    Temperature Pressure (bar)   Constr. rmsd
    3.00455e+02    1.42750e+01    3.10494e-06

           Step           Time
          46000       92.00000

   Energies (kJ/mol)
           Bond            U-B    Proper Dih.  Improper Dih.      CMAP Dih.
    3.51898e+03    9.76363e+03    6.45636e+03    6.12669e+02   -1.57060e+03
          LJ-14     Coulomb-14        LJ (SR)   Coulomb (SR)   Coul. recip.
    3.20578e+03    5.08705e+04    6.49723e+04   -6.67908e+05    2.03612e+03
 Position Rest.      Potential    Kinetic En.   Total Energy  Conserved En.
    1.19696e+03   -5.26845e+05    1.02024e+05   -4.24821e+05   -5.12538e+05
    Temperature Pressure (bar)   Constr. rmsd
    3.01088e+02   -3.43569e+02    2.96908e-06

           Step           Time
          47000       94.00000

   Energies (kJ/mol)
           Bond            U-B    Proper Dih.  Improper Dih.      CMAP Dih.
    3.38753e+03    9.53698e+03    6.43438e+03    5.59180e+02   -1.55498e+03
          LJ-14     Coulomb-14        LJ (SR)   Coulomb (SR)   Coul. recip.
    3.23089e+03    5.09714e+04    6.51570e+04   -6.68157e+05    2.04614e+03
 Position Rest.      Potential    Kinetic En.   Total Energy  Conserved En.
    1.07003e+03   -5.27319e+05    1.01047e+05   -4.26272e+05   -5.12538e+05
    Temperature Pressure (bar)   Constr. rmsd
    2.98203e+02    1.33615e+02    3.15957e-06

           Step           Time
          48000       96.00000

   Energies (kJ/mol)
           Bond            U-B    Proper Dih.  Improper Dih.      CMAP Dih.
    3.48648e+03    9.52163e+03    6.42527e+03    5.82001e+02   -1.49787e+03
          LJ-14     Coulomb-14        LJ (SR)   Coulomb (SR)   Coul. recip.
    3.21053e+03    5.07465e+04    6.58422e+04   -6.70023e+05    2.13170e+03
 Position Rest.      Potential    Kinetic En.   Total Energy  Conserved En.
    1.17978e+03   -5.28394e+05    1.01818e+05   -4.26577e+05   -5.12548e+05
    Temperature Pressure (bar)   Constr. rmsd
    3.00478e+02   -1.66789e+02    2.94906e-06

           Step           Time
          49000       98.00000

   Energies (kJ/mol)
           Bond            U-B    Proper Dih.  Improper Dih.      CMAP Dih.
    3.45744e+03    9.61197e+03    6.45936e+03    6.56064e+02   -1.55046e+03
          LJ-14     Coulomb-14        LJ (SR)   Coulomb (SR)   Coul. recip.
    3.26476e+03    5.08685e+04    6.56962e+04   -6.69961e+05    2.11044e+03
 Position Rest.      Potential    Kinetic En.   Total Energy  Conserved En.
    1.15321e+03   -5.28234e+05    1.01211e+05   -4.27023e+05   -5.12527e+05
    Temperature Pressure (bar)   Constr. rmsd
    2.98687e+02   -1.02103e+01    3.05762e-06

           Step           Time
          50000      100.00000

Writing checkpoint, step 50000 at Thu May  4 14:29:38 2023


   Energies (kJ/mol)
           Bond            U-B    Proper Dih.  Improper Dih.      CMAP Dih.
    3.36111e+03    9.49117e+03    6.44464e+03    6.40787e+02   -1.57483e+03
          LJ-14     Coulomb-14        LJ (SR)   Coulomb (SR)   Coul. recip.
    3.20406e+03    5.09139e+04    6.58002e+04   -6.69081e+05    2.06051e+03
 Position Rest.      Potential    Kinetic En.   Total Energy  Conserved En.
    1.14150e+03   -5.27598e+05    1.00781e+05   -4.26817e+05   -5.12541e+05
    Temperature Pressure (bar)   Constr. rmsd
    2.97419e+02   -2.71887e+01    3.43303e-06


Energy conservation over simulation part #1 of length 100 ps, time 0 to 100 ps
  Conserved energy drift: 3.19e-04 kJ/mol/ps per atom


	<======  ###############  ==>
	<====  A V E R A G E S  ====>
	<==  ###############  ======>

	Statistics over 50001 steps using 501 frames

   Energies (kJ/mol)
           Bond            U-B    Proper Dih.  Improper Dih.      CMAP Dih.
    3.48149e+03    9.68448e+03    6.44194e+03    6.08237e+02   -1.53939e+03
          LJ-14     Coulomb-14        LJ (SR)   Coulomb (SR)   Coul. recip.
    3.22113e+03    5.07732e+04    6.59166e+04   -6.70536e+05    2.05759e+03
 Position Rest.      Potential    Kinetic En.   Total Energy  Conserved En.
    1.14277e+03   -5.28748e+05    1.00593e+05   -4.28155e+05   -5.12605e+05
    Temperature Pressure (bar)   Constr. rmsd
    2.96865e+02    4.78016e+00    0.00000e+00

   Total Virial (kJ/mol)
    2.88971e+04   -1.00470e+02   -1.54607e+02
   -1.01041e+02    3.56595e+04    6.67856e+01
   -1.54667e+02    6.70780e+01    3.58642e+04

   Pressure (bar)
    3.88506e+02    7.72614e+00    1.20267e+01
    7.77359e+00   -1.75539e+02   -4.82366e+00
    1.20317e+01   -4.84796e+00   -1.98626e+02


	M E G A - F L O P S   A C C O U N T I N G

 NB=Group-cutoff nonbonded kernels    NxN=N-by-N cluster Verlet kernels
 RF=Reaction-Field  VdW=Van der Waals  QSTab=quadratic-spline table
 W3=SPC/TIP3p  W4=TIP4p (single or pairs)
 V&F=Potential and force  V=Potential only  F=Force only

 Computing:                               M-Number         M-Flops  % Flops
-----------------------------------------------------------------------------
 Pair Search distance check           13517.819988      121660.380     0.1
 NxN Ewald Elec. + LJ [F]            967462.178768    75462049.944    59.3
 NxN Ewald Elec. + LJ [V&F]            9791.968192     1263163.897     1.0
 NxN Ewald Elec. [F]                 746169.521968    45516340.840    35.8
 NxN Ewald Elec. [V&F]                 7552.397184      634401.363     0.5
 1,4 nonbonded interactions             579.061581       52115.542     0.0
 Calc Weights                          5940.118800      213844.277     0.2
 Spread Q Bspline                    126722.534400      253445.069     0.2
 Gather F Bspline                    126722.534400      760335.206     0.6
 3D-FFT                              305965.419186     2447723.353     1.9
 Solve PME                              156.803136       10035.401     0.0
 Reset In Box                            24.789600          74.369     0.0
 CG-CoM                                  24.829200          74.488     0.0
 Bonds                                  114.102282        6732.035     0.0
 Propers                                485.659713      111216.074     0.1
 Impropers                               36.850737        7664.953     0.0
 Pos. Restr.                            111.902238        5595.112     0.0
 Virial                                  19.862145         357.519     0.0
 Stop-CM                                 19.879200         198.792     0.0
 Calc-Ekin                               39.679200        1071.338     0.0
 Lincs                                  108.956537        6537.392     0.0
 Lincs-Mat                              552.033120        2208.132     0.0
 Constraint-V                          1973.428934       17760.860     0.0
 Constraint-Vir                          18.681288         448.351     0.0
 Settle                                 585.185109      216518.490     0.2
 CMAP                                    14.100282       23970.479     0.0
 Urey-Bradley                           401.358027       73448.519     0.1
-----------------------------------------------------------------------------
 Total                                               127208992.177   100.0
-----------------------------------------------------------------------------


    D O M A I N   D E C O M P O S I T I O N   S T A T I S T I C S

 av. #atoms communicated per step for force:  2 x 0.0


      R E A L   C Y C L E   A N D   T I M E   A C C O U N T I N G

On 1 MPI rank, each using 8 OpenMP threads

 Activity:              Num   Num      Call    Wall time         Giga-Cycles
                        Ranks Threads  Count      (s)         total sum    %
--------------------------------------------------------------------------------
 Domain decomp.            1    8        626       2.159         51.807   0.5
 Neighbor search           1    8        626       6.275        150.598   1.5
 Force                     1    8      50001     337.263       8094.394  81.5
 PME mesh                  1    8      50001      54.692       1312.628  13.2
 NB X/F buffer ops.        1    8      99376       5.326        127.823   1.3
 Write traj.               1    8          1       0.054          1.297   0.0
 Update                    1    8      50001       4.401        105.614   1.1
 Constraints               1    8      50003       3.105         74.530   0.8
 Rest                                              0.564         13.528   0.1
--------------------------------------------------------------------------------
 Total                                           413.838       9932.219 100.0
--------------------------------------------------------------------------------
 Breakdown of PME mesh activities
--------------------------------------------------------------------------------
 PME spread                1    8      50001      26.156        627.746   6.3
 PME gather                1    8      50001      11.987        287.685   2.9
 PME 3D-FFT                1    8     100002      15.120        362.886   3.7
 PME solve Elec            1    8      50001       1.183         28.397   0.3
--------------------------------------------------------------------------------

               Core t (s)   Wall t (s)        (%)
       Time:     3310.703      413.838      800.0
                 (ns/day)    (hour/ns)
Performance:       20.878        1.150
Finished mdrun on rank 0 Thu May  4 14:29:38 2023

